time=2025-02-21T18:45:36.073+03:00 level=INFO source=C:/Users/Maxim/GolandProjects/Streaming-platform/services/user-service/cmd/server/main.go:23 msg="✅ Configuration loaded successfully"
time=2025-02-21T18:45:36.089+03:00 level=INFO source=C:/Users/Maxim/GolandProjects/Streaming-platform/services/user-service/cmd/server/main.go:30 msg="✅ Clients are initialized"
time=2025-02-21T18:46:55.414+03:00 level=INFO source=C:/Users/Maxim/GolandProjects/Streaming-platform/services/user-service/cmd/server/main.go:24 msg="✅ Configuration loaded successfully"
time=2025-02-21T18:46:55.447+03:00 level=INFO source=C:/Users/Maxim/GolandProjects/Streaming-platform/services/user-service/cmd/server/main.go:31 msg="✅ Clients are initialized"
time=2025-02-21T18:48:57.673+03:00 level=INFO source=C:/Users/Maxim/GolandProjects/Streaming-platform/services/user-service/cmd/server/main.go:24 msg="✅ Configuration loaded successfully"
time=2025-02-21T18:48:57.690+03:00 level=INFO source=C:/Users/Maxim/GolandProjects/Streaming-platform/services/user-service/cmd/server/main.go:31 msg="✅ Clients are initialized"
time=2025-02-21T18:53:02.700+03:00 level=INFO source=C:/Users/Maxim/GolandProjects/Streaming-platform/services/user-service/cmd/server/main.go:23 msg="✅ Configuration loaded successfully"
time=2025-02-21T18:53:02.717+03:00 level=INFO source=C:/Users/Maxim/GolandProjects/Streaming-platform/services/user-service/cmd/server/main.go:30 msg="✅ Clients are initialized"
time=2025-02-21T18:53:02.753+03:00 level=INFO source=C:/Users/Maxim/GolandProjects/Streaming-platform/services/user-service/cmd/server/main.go:48 msg="🔧 Repositories are initialized"
time=2025-02-21T18:53:02.753+03:00 level=INFO source=C:/Users/Maxim/GolandProjects/Streaming-platform/services/user-service/cmd/server/main.go:51 msg="🔧 Services are initialized"
time=2025-02-21T18:53:02.753+03:00 level=INFO source=C:/Users/Maxim/GolandProjects/Streaming-platform/services/user-service/cmd/server/main.go:54 msg="🔧 Handlers are initialized"
time=2025-02-21T18:58:39.166+03:00 level=INFO source=C:/Users/Maxim/GolandProjects/Streaming-platform/services/user-service/cmd/server/main.go:23 msg="✅ Configuration loaded successfully"
time=2025-02-21T18:58:39.183+03:00 level=INFO source=C:/Users/Maxim/GolandProjects/Streaming-platform/services/user-service/cmd/server/main.go:30 msg="✅ Clients are initialized"
time=2025-02-21T18:58:39.348+03:00 level=INFO source=C:/Users/Maxim/GolandProjects/Streaming-platform/services/user-service/cmd/server/main.go:48 msg="🔧 Repositories are initialized"
time=2025-02-21T18:58:39.348+03:00 level=INFO source=C:/Users/Maxim/GolandProjects/Streaming-platform/services/user-service/cmd/server/main.go:51 msg="🔧 Services are initialized"
time=2025-02-21T18:58:39.348+03:00 level=INFO source=C:/Users/Maxim/GolandProjects/Streaming-platform/services/user-service/cmd/server/main.go:54 msg="🔧 Handlers are initialized"
time=2025-02-21T19:00:01.626+03:00 level=INFO source=C:/Users/Maxim/GolandProjects/Streaming-platform/services/user-service/cmd/server/main.go:23 msg="✅ Configuration loaded successfully"
time=2025-02-21T19:00:01.642+03:00 level=INFO source=C:/Users/Maxim/GolandProjects/Streaming-platform/services/user-service/cmd/server/main.go:30 msg="✅ Clients are initialized"
time=2025-02-21T19:00:01.678+03:00 level=INFO source=C:/Users/Maxim/GolandProjects/Streaming-platform/services/user-service/cmd/server/main.go:48 msg="🔧 Repositories are initialized"
time=2025-02-21T19:00:01.678+03:00 level=INFO source=C:/Users/Maxim/GolandProjects/Streaming-platform/services/user-service/cmd/server/main.go:51 msg="🔧 Services are initialized"
time=2025-02-21T19:00:01.678+03:00 level=INFO source=C:/Users/Maxim/GolandProjects/Streaming-platform/services/user-service/cmd/server/main.go:54 msg="🔧 Handlers are initialized"
time=2025-02-21T19:00:37.536+03:00 level=INFO source=C:/Users/Maxim/GolandProjects/Streaming-platform/services/user-service/cmd/server/main.go:23 msg="✅ Configuration loaded successfully"
time=2025-02-21T19:00:37.552+03:00 level=INFO source=C:/Users/Maxim/GolandProjects/Streaming-platform/services/user-service/cmd/server/main.go:30 msg="✅ Clients are initialized"
time=2025-02-21T19:00:37.589+03:00 level=INFO source=C:/Users/Maxim/GolandProjects/Streaming-platform/services/user-service/cmd/server/main.go:48 msg="🔧 Repositories are initialized"
time=2025-02-21T19:00:37.589+03:00 level=INFO source=C:/Users/Maxim/GolandProjects/Streaming-platform/services/user-service/cmd/server/main.go:51 msg="🔧 Services are initialized"
time=2025-02-21T19:00:37.589+03:00 level=INFO source=C:/Users/Maxim/GolandProjects/Streaming-platform/services/user-service/cmd/server/main.go:54 msg="🔧 Handlers are initialized"
time=2025-02-21T19:10:08.125+03:00 level=INFO source=C:/Users/Maxim/GolandProjects/Streaming-platform/services/user-service/cmd/server/main.go:23 msg="✅ Configuration loaded successfully"
time=2025-02-21T19:10:08.141+03:00 level=INFO source=C:/Users/Maxim/GolandProjects/Streaming-platform/services/user-service/cmd/server/main.go:30 msg="✅ Clients are initialized"
time=2025-02-21T19:10:08.177+03:00 level=INFO source=C:/Users/Maxim/GolandProjects/Streaming-platform/services/user-service/cmd/server/main.go:48 msg="🔧 Repositories are initialized"
time=2025-02-21T19:10:08.177+03:00 level=INFO source=C:/Users/Maxim/GolandProjects/Streaming-platform/services/user-service/cmd/server/main.go:51 msg="🔧 Services are initialized"
time=2025-02-21T19:10:08.177+03:00 level=INFO source=C:/Users/Maxim/GolandProjects/Streaming-platform/services/user-service/cmd/server/main.go:54 msg="🔧 Handlers are initialized"
time=2025-02-21T19:10:12.177+03:00 level=ERROR source=C:/Users/Maxim/GolandProjects/Streaming-platform/services/user-service/internal/transport/http/handler.go:40 msg="Failed to register user" error="rpc error: code = Canceled desc = grpc: the client connection is closing" email=john@mail.com
time=2025-02-21T19:13:13.307+03:00 level=ERROR source=C:/Users/Maxim/GolandProjects/Streaming-platform/services/user-service/internal/transport/http/handler.go:40 msg="Failed to register user" error="rpc error: code = Canceled desc = grpc: the client connection is closing" email=john@mail.com
time=2025-02-21T19:13:20.173+03:00 level=INFO source=C:/Users/Maxim/GolandProjects/Streaming-platform/services/user-service/cmd/server/main.go:23 msg="✅ Configuration loaded successfully"
time=2025-02-21T19:13:20.190+03:00 level=INFO source=C:/Users/Maxim/GolandProjects/Streaming-platform/services/user-service/cmd/server/main.go:30 msg="✅ Clients are initialized"
time=2025-02-21T19:13:20.230+03:00 level=INFO source=C:/Users/Maxim/GolandProjects/Streaming-platform/services/user-service/cmd/server/main.go:48 msg="🔧 Repositories are initialized"
time=2025-02-21T19:13:20.230+03:00 level=INFO source=C:/Users/Maxim/GolandProjects/Streaming-platform/services/user-service/cmd/server/main.go:51 msg="🔧 Services are initialized"
time=2025-02-21T19:13:20.230+03:00 level=INFO source=C:/Users/Maxim/GolandProjects/Streaming-platform/services/user-service/cmd/server/main.go:54 msg="🔧 Handlers are initialized"
time=2025-02-21T19:14:39.962+03:00 level=INFO source=C:/Users/Maxim/GolandProjects/Streaming-platform/services/user-service/cmd/server/main.go:24 msg="✅ Configuration loaded successfully"
time=2025-02-21T19:14:39.979+03:00 level=INFO source=C:/Users/Maxim/GolandProjects/Streaming-platform/services/user-service/cmd/server/main.go:32 msg="✅ Clients are initialized"
time=2025-02-21T19:14:40.016+03:00 level=INFO source=C:/Users/Maxim/GolandProjects/Streaming-platform/services/user-service/cmd/server/main.go:50 msg="🔧 Repositories are initialized"
time=2025-02-21T19:14:40.016+03:00 level=INFO source=C:/Users/Maxim/GolandProjects/Streaming-platform/services/user-service/cmd/server/main.go:53 msg="🔧 Services are initialized"
time=2025-02-21T19:14:40.016+03:00 level=INFO source=C:/Users/Maxim/GolandProjects/Streaming-platform/services/user-service/cmd/server/main.go:56 msg="🔧 Handlers are initialized"
time=2025-02-21T19:19:34.894+03:00 level=INFO source=C:/Users/Maxim/GolandProjects/Streaming-platform/services/user-service/cmd/server/main.go:22 msg="✅ Configuration loaded successfully"
time=2025-02-21T19:19:34.910+03:00 level=INFO source=C:/Users/Maxim/GolandProjects/Streaming-platform/services/user-service/cmd/server/main.go:29 msg="✅ Clients are initialized"
time=2025-02-21T19:19:34.946+03:00 level=INFO source=C:/Users/Maxim/GolandProjects/Streaming-platform/services/user-service/cmd/server/main.go:52 msg="🔧 Repositories are initialized"
time=2025-02-21T19:19:34.946+03:00 level=INFO source=C:/Users/Maxim/GolandProjects/Streaming-platform/services/user-service/cmd/server/main.go:55 msg="🔧 Services are initialized"
time=2025-02-21T19:19:34.946+03:00 level=INFO source=C:/Users/Maxim/GolandProjects/Streaming-platform/services/user-service/cmd/server/main.go:58 msg="🔧 Handlers are initialized"
time=2025-02-21T19:19:42.462+03:00 level=ERROR source=C:/Users/Maxim/GolandProjects/Streaming-platform/services/user-service/internal/transport/http/handler.go:40 msg="Failed to register user" error="rpc error: code = Unavailable desc = connection error: desc = \"transport: Error while dialing: failed to do connect handshake, response: \\\"HTTP/1.0 502 Bad Gateway\\\\r\\\\nConnection: close\\\\r\\\\nContent-Type: text/html; charset=utf-8\\\\r\\\\n\\\\r\\\\n<html><head><title>502 Bad Gateway</title></head>\\\\r\\\\n<body><h2>502 Bad Gateway</h2><h3>Host Not Found or connection failed</h3></body></html>\\\\r\\\\n\\\"\"" email=john@mail.com
time=2025-02-21T19:27:22.391+03:00 level=INFO source=C:/Users/Maxim/GolandProjects/Streaming-platform/services/user-service/cmd/server/main.go:22 msg="✅ Configuration loaded successfully"
time=2025-02-21T19:27:22.408+03:00 level=INFO source=C:/Users/Maxim/GolandProjects/Streaming-platform/services/user-service/cmd/server/main.go:29 msg="✅ Clients are initialized"
time=2025-02-21T19:27:22.448+03:00 level=INFO source=C:/Users/Maxim/GolandProjects/Streaming-platform/services/user-service/cmd/server/main.go:52 msg="🔧 Repositories are initialized"
time=2025-02-21T19:27:22.448+03:00 level=INFO source=C:/Users/Maxim/GolandProjects/Streaming-platform/services/user-service/cmd/server/main.go:55 msg="🔧 Services are initialized"
time=2025-02-21T19:27:22.448+03:00 level=INFO source=C:/Users/Maxim/GolandProjects/Streaming-platform/services/user-service/cmd/server/main.go:58 msg="🔧 Handlers are initialized"
time=2025-02-21T19:27:28.756+03:00 level=ERROR source=C:/Users/Maxim/GolandProjects/Streaming-platform/services/user-service/internal/transport/http/handler.go:40 msg="Failed to register user" error="the user with this email already exists" email=john@mail.com
time=2025-02-21T19:27:36.384+03:00 level=INFO source=C:/Users/Maxim/GolandProjects/Streaming-platform/services/user-service/internal/transport/http/handler.go:53 msg="User registered successfully" userId=30a9873c-a0a4-4257-ab3a-1211a3d04197 email=john@mail.com
time=2025-02-21T20:10:08.656+03:00 level=INFO source=C:/Users/Maxim/GolandProjects/Streaming-platform/services/user-service/cmd/server/main.go:22 msg="✅ Configuration loaded successfully"
time=2025-02-21T20:10:08.674+03:00 level=INFO source=C:/Users/Maxim/GolandProjects/Streaming-platform/services/user-service/cmd/server/main.go:29 msg="✅ Clients are initialized"
time=2025-02-21T20:10:08.733+03:00 level=INFO source=C:/Users/Maxim/GolandProjects/Streaming-platform/services/user-service/cmd/server/main.go:52 msg="🔧 Repositories are initialized"
time=2025-02-21T20:10:08.734+03:00 level=INFO source=C:/Users/Maxim/GolandProjects/Streaming-platform/services/user-service/cmd/server/main.go:55 msg="🔧 Services are initialized"
time=2025-02-21T20:10:08.734+03:00 level=INFO source=C:/Users/Maxim/GolandProjects/Streaming-platform/services/user-service/cmd/server/main.go:58 msg="🔧 Handlers are initialized"
time=2025-02-21T20:10:11.647+03:00 level=ERROR source=C:/Users/Maxim/GolandProjects/Streaming-platform/services/user-service/internal/transport/http/handler.go:42 msg="Failed to register user" error="the user with this email already exists" email=john@mail.com
time=2025-02-21T20:21:52.030+03:00 level=INFO source=C:/Users/Maxim/GolandProjects/Streaming-platform/services/user-service/cmd/server/main.go:22 msg="✅ Configuration loaded successfully"
time=2025-02-21T20:21:52.047+03:00 level=INFO source=C:/Users/Maxim/GolandProjects/Streaming-platform/services/user-service/cmd/server/main.go:29 msg="✅ Clients are initialized"
time=2025-02-21T20:21:52.085+03:00 level=INFO source=C:/Users/Maxim/GolandProjects/Streaming-platform/services/user-service/cmd/server/main.go:52 msg="🔧 Repositories are initialized"
time=2025-02-21T20:21:52.085+03:00 level=INFO source=C:/Users/Maxim/GolandProjects/Streaming-platform/services/user-service/cmd/server/main.go:55 msg="🔧 Services are initialized"
time=2025-02-21T20:21:52.085+03:00 level=INFO source=C:/Users/Maxim/GolandProjects/Streaming-platform/services/user-service/cmd/server/main.go:58 msg="🔧 Handlers are initialized"
time=2025-02-21T20:22:22.975+03:00 level=ERROR source=C:/Users/Maxim/GolandProjects/Streaming-platform/services/user-service/internal/transport/http/handler.go:42 msg="Failed to register user" error="the user with this email already exists" email=john@mail.com
time=2025-02-21T20:23:40.540+03:00 level=INFO source=C:/Users/Maxim/GolandProjects/Streaming-platform/services/user-service/cmd/server/main.go:22 msg="✅ Configuration loaded successfully"
time=2025-02-21T20:23:40.557+03:00 level=INFO source=C:/Users/Maxim/GolandProjects/Streaming-platform/services/user-service/cmd/server/main.go:29 msg="✅ Clients are initialized"
time=2025-02-21T20:23:40.597+03:00 level=INFO source=C:/Users/Maxim/GolandProjects/Streaming-platform/services/user-service/cmd/server/main.go:52 msg="🔧 Repositories are initialized"
time=2025-02-21T20:23:40.597+03:00 level=INFO source=C:/Users/Maxim/GolandProjects/Streaming-platform/services/user-service/cmd/server/main.go:55 msg="🔧 Services are initialized"
time=2025-02-21T20:23:40.597+03:00 level=INFO source=C:/Users/Maxim/GolandProjects/Streaming-platform/services/user-service/cmd/server/main.go:58 msg="🔧 Handlers are initialized"
time=2025-02-21T20:23:46.387+03:00 level=ERROR source=C:/Users/Maxim/GolandProjects/Streaming-platform/services/user-service/internal/transport/http/handler.go:41 msg="Failed to register user" error="the user with this email already exists" email=john@mail.com
time=2025-02-21T20:25:45.476+03:00 level=INFO source=C:/Users/Maxim/GolandProjects/Streaming-platform/services/user-service/cmd/server/main.go:22 msg="✅ Configuration loaded successfully"
time=2025-02-21T20:25:45.491+03:00 level=INFO source=C:/Users/Maxim/GolandProjects/Streaming-platform/services/user-service/cmd/server/main.go:29 msg="✅ Clients are initialized"
time=2025-02-21T20:25:45.526+03:00 level=INFO source=C:/Users/Maxim/GolandProjects/Streaming-platform/services/user-service/cmd/server/main.go:52 msg="🔧 Repositories are initialized"
time=2025-02-21T20:25:45.526+03:00 level=INFO source=C:/Users/Maxim/GolandProjects/Streaming-platform/services/user-service/cmd/server/main.go:55 msg="🔧 Services are initialized"
time=2025-02-21T20:25:45.526+03:00 level=INFO source=C:/Users/Maxim/GolandProjects/Streaming-platform/services/user-service/cmd/server/main.go:58 msg="🔧 Handlers are initialized"
time=2025-02-21T20:25:53.550+03:00 level=ERROR source=C:/Users/Maxim/GolandProjects/Streaming-platform/services/user-service/internal/transport/http/handler.go:42 msg="Failed to register user" error="the user with this email already exists" email=john@mail.com
time=2025-02-21T20:27:00.564+03:00 level=INFO source=C:/Users/Maxim/GolandProjects/Streaming-platform/services/user-service/internal/transport/http/handler.go:56 msg="User registered successfully" userId=32478e7d-44d1-43b7-95bb-2723761ea4ec email=john1@mail.com
time=2025-02-21T20:27:41.814+03:00 level=ERROR source=C:/Users/Maxim/GolandProjects/Streaming-platform/services/user-service/internal/transport/http/handler.go:74 msg="Failed to login user" error="pq: столбец \"avatrt_url\" не существует" login=""
time=2025-02-21T20:28:27.117+03:00 level=INFO source=C:/Users/Maxim/GolandProjects/Streaming-platform/services/user-service/cmd/server/main.go:22 msg="✅ Configuration loaded successfully"
time=2025-02-21T20:28:27.132+03:00 level=INFO source=C:/Users/Maxim/GolandProjects/Streaming-platform/services/user-service/cmd/server/main.go:29 msg="✅ Clients are initialized"
time=2025-02-21T20:28:27.168+03:00 level=INFO source=C:/Users/Maxim/GolandProjects/Streaming-platform/services/user-service/cmd/server/main.go:52 msg="🔧 Repositories are initialized"
time=2025-02-21T20:28:27.168+03:00 level=INFO source=C:/Users/Maxim/GolandProjects/Streaming-platform/services/user-service/cmd/server/main.go:55 msg="🔧 Services are initialized"
time=2025-02-21T20:28:27.168+03:00 level=INFO source=C:/Users/Maxim/GolandProjects/Streaming-platform/services/user-service/cmd/server/main.go:58 msg="🔧 Handlers are initialized"
time=2025-02-21T20:30:14.690+03:00 level=INFO source=C:/Users/Maxim/GolandProjects/Streaming-platform/services/user-service/cmd/server/main.go:22 msg="✅ Configuration loaded successfully"
time=2025-02-21T20:30:14.706+03:00 level=INFO source=C:/Users/Maxim/GolandProjects/Streaming-platform/services/user-service/cmd/server/main.go:29 msg="✅ Clients are initialized"
time=2025-02-21T20:30:14.741+03:00 level=INFO source=C:/Users/Maxim/GolandProjects/Streaming-platform/services/user-service/cmd/server/main.go:52 msg="🔧 Repositories are initialized"
time=2025-02-21T20:30:14.741+03:00 level=INFO source=C:/Users/Maxim/GolandProjects/Streaming-platform/services/user-service/cmd/server/main.go:55 msg="🔧 Services are initialized"
time=2025-02-21T20:30:14.741+03:00 level=INFO source=C:/Users/Maxim/GolandProjects/Streaming-platform/services/user-service/cmd/server/main.go:58 msg="🔧 Handlers are initialized"
time=2025-02-21T20:30:52.518+03:00 level=ERROR source=C:/Users/Maxim/GolandProjects/Streaming-platform/services/user-service/internal/transport/http/handler.go:75 msg="Failed to login user" error="пользователь не найден" login=""
time=2025-02-21T20:33:13.256+03:00 level=INFO source=C:/Users/Maxim/GolandProjects/Streaming-platform/services/user-service/internal/transport/http/handler.go:89 msg="User logged in successfully" userId=30a9873c-a0a4-4257-ab3a-1211a3d04197 login=john@mail.com
