time=2025-02-17T13:08:28.881+03:00 level=INFO source=C:/Users/Maxim/GolandProjects/Streaming-platform/services/auth-service/cmd/server/main.go:30 msg="✅ Configuration loaded successfully"
time=2025-02-17T13:08:28.949+03:00 level=INFO source=C:/Users/Maxim/GolandProjects/Streaming-platform/services/auth-service/cmd/server/main.go:51 msg="🔧 Repositories and services are initialized"
time=2025-02-17T13:08:28.949+03:00 level=INFO source=C:/Users/Maxim/GolandProjects/Streaming-platform/services/auth-service/cmd/server/main.go:62 msg="🚀 Auth-service is running" network=tcp address=0.0.0.0:50051
time=2025-02-17T13:08:41.570+03:00 level=INFO source=C:/Users/Maxim/GolandProjects/Streaming-platform/services/auth-service/internal/handler/auth_handler.go:27 msg="Received Authenticate request" user_id=550e8400-e29b-41d4-a716-446655440000
time=2025-02-17T13:08:41.570+03:00 level=INFO source=C:/Users/Maxim/GolandProjects/Streaming-platform/services/auth-service/internal/token/jwt_manager.go:62 msg="Generated tokens successfully" user_id=550e8400-e29b-41d4-a716-446655440000 access_expires_at=2025-02-17T13:23:41.570+03:00 refresh_expires_at=2025-02-24T13:08:41.570+03:00
time=2025-02-17T13:08:41.585+03:00 level=INFO source=C:/Users/Maxim/GolandProjects/Streaming-platform/services/auth-service/internal/repository/token_repository.go:38 msg="Refresh token is saved" user_id=550e8400-e29b-41d4-a716-446655440000
time=2025-02-17T13:08:41.585+03:00 level=INFO source=C:/Users/Maxim/GolandProjects/Streaming-platform/services/auth-service/internal/service/auth_service.go:101 msg="Tokens generated" user_id=550e8400-e29b-41d4-a716-446655440000
time=2025-02-17T13:08:41.585+03:00 level=INFO source=C:/Users/Maxim/GolandProjects/Streaming-platform/services/auth-service/internal/service/auth_service.go:44 msg="User authenticated" user_id=550e8400-e29b-41d4-a716-446655440000
time=2025-02-17T13:08:41.585+03:00 level=INFO source=C:/Users/Maxim/GolandProjects/Streaming-platform/services/auth-service/internal/handler/auth_handler.go:51 msg="User authenticated" user_id=550e8400-e29b-41d4-a716-446655440000
time=2025-02-17T13:08:41.586+03:00 level=INFO source=C:/Users/Maxim/GolandProjects/Streaming-platform/services/auth-service/internal/handler/auth_handler.go:61 msg="Received ValidateToken request"
time=2025-02-17T13:08:41.586+03:00 level=INFO source=C:/Users/Maxim/GolandProjects/Streaming-platform/services/auth-service/internal/token/jwt_manager.go:94 msg="Token validated" user_id=550e8400-e29b-41d4-a716-446655440000
time=2025-02-17T13:08:41.586+03:00 level=INFO source=C:/Users/Maxim/GolandProjects/Streaming-platform/services/auth-service/internal/service/auth_service.go:116 msg="Access token validated" user_id=550e8400-e29b-41d4-a716-446655440000
time=2025-02-17T13:08:41.586+03:00 level=INFO source=C:/Users/Maxim/GolandProjects/Streaming-platform/services/auth-service/internal/handler/auth_handler.go:72 msg="Access token validated" user_id=550e8400-e29b-41d4-a716-446655440000
time=2025-02-17T13:08:41.587+03:00 level=INFO source=C:/Users/Maxim/GolandProjects/Streaming-platform/services/auth-service/internal/handler/auth_handler.go:80 msg="Received RefreshToken request"
time=2025-02-17T13:08:41.594+03:00 level=INFO source=C:/Users/Maxim/GolandProjects/Streaming-platform/services/auth-service/internal/repository/token_repository.go:60 msg="Refresh token retrieved" user_id=550e8400-e29b-41d4-a716-446655440000
time=2025-02-17T13:08:41.595+03:00 level=INFO source=C:/Users/Maxim/GolandProjects/Streaming-platform/services/auth-service/internal/token/jwt_manager.go:62 msg="Generated tokens successfully" user_id=550e8400-e29b-41d4-a716-446655440000 access_expires_at=2025-02-17T13:23:41.595+03:00 refresh_expires_at=2025-02-24T13:08:41.595+03:00
time=2025-02-17T13:08:41.595+03:00 level=INFO source=C:/Users/Maxim/GolandProjects/Streaming-platform/services/auth-service/internal/repository/token_repository.go:38 msg="Refresh token is saved" user_id=550e8400-e29b-41d4-a716-446655440000
time=2025-02-17T13:08:41.595+03:00 level=INFO source=C:/Users/Maxim/GolandProjects/Streaming-platform/services/auth-service/internal/service/auth_service.go:101 msg="Tokens generated" user_id=550e8400-e29b-41d4-a716-446655440000
time=2025-02-17T13:08:41.596+03:00 level=INFO source=C:/Users/Maxim/GolandProjects/Streaming-platform/services/auth-service/internal/repository/token_repository.go:87 msg="Refresh token revoked" token=eyJhbGciOiJIUzI1NiIsInR5cCI6IkpXVCJ9.eyJleHAiOjE3NDAzOTE3MjEsImp0aSI6ImU1MDAwNmYxLTJjNjItNGNkMy05YzZkLTg1NTU0MDkyMmM1YyIsInVzZXJfaWQiOiI1NTBlODQwMC1lMjliLTQxZDQtYTcxNi00NDY2NTU0NDAwMDAifQ.wic6hR6uL-7ClmXE4xJPYvnDQDeNRJFxMT1S3WV5z-Q
time=2025-02-17T13:08:41.597+03:00 level=INFO source=C:/Users/Maxim/GolandProjects/Streaming-platform/services/auth-service/internal/service/auth_service.go:77 msg="Tokens refreshed" user_id=550e8400-e29b-41d4-a716-446655440000
time=2025-02-17T13:08:41.597+03:00 level=INFO source=C:/Users/Maxim/GolandProjects/Streaming-platform/services/auth-service/internal/handler/auth_handler.go:90 msg="Tokens refreshed successfully"
time=2025-02-17T13:08:41.597+03:00 level=INFO source=C:/Users/Maxim/GolandProjects/Streaming-platform/services/auth-service/internal/handler/auth_handler.go:100 msg="Received Logout request"
time=2025-02-17T13:08:41.598+03:00 level=INFO source=C:/Users/Maxim/GolandProjects/Streaming-platform/services/auth-service/internal/repository/token_repository.go:60 msg="Refresh token retrieved" user_id=550e8400-e29b-41d4-a716-446655440000
time=2025-02-17T13:08:41.598+03:00 level=WARN source=C:/Users/Maxim/GolandProjects/Streaming-platform/services/auth-service/internal/service/auth_service.go:128 msg="User already logged out" user_id=550e8400-e29b-41d4-a716-446655440000
time=2025-02-17T13:08:41.598+03:00 level=INFO source=C:/Users/Maxim/GolandProjects/Streaming-platform/services/auth-service/internal/handler/auth_handler.go:114 msg="User logged out successfully"
